Chain INPUT (policy ACCEPT)
target     prot opt source               destination         
ACCEPT     all  --  anywhere             anywhere             ctstate NEW
ACCEPT     all  --  anywhere             anywhere            
ACCEPT     all  --  anywhere             anywhere             ctstate RELATED,ESTABLISHED
ACCEPT     icmp --  anywhere             anywhere             icmp echo-reply
ACCEPT     icmp --  anywhere             anywhere             icmp destination-unreachable
ACCEPT     icmp --  anywhere             anywhere             icmp echo-request limit: avg 1/sec burst 5
ACCEPT     icmp --  anywhere             anywhere             icmp time-exceeded
tcpfilter  tcp  --  anywhere             anywhere            
DROP       tcp  --  anywhere             anywhere             tcp dpt:irc
DROP       udp  --  anywhere             anywhere             udp dpt:irc
DROP       tcp  --  anywhere             anywhere             tcp dpt:irc-serv
DROP       udp  --  anywhere             anywhere             udp dpt:irc-serv
DROP       tcp  --  anywhere             anywhere             tcp dpt:994
DROP       udp  --  anywhere             anywhere             udp dpt:994
DROP       tcp  --  anywhere             anywhere             tcp dpt:6667
DROP       udp  --  anywhere             anywhere             udp dpt:6667
DROP       tcp  --  anywhere             anywhere             tcp flags:FIN,SYN,RST,ACK/SYN
DROP       tcp  --  anywhere             anywhere             tcp dpt:0
DROP       udp  --  anywhere             anywhere             udp dpt:0
DROP       tcp  --  anywhere             anywhere             tcp dpt:tcpmux
DROP       udp  --  anywhere             anywhere             udp dpt:tcpmux
DROP       all  --  anywhere             anywhere            

Chain FORWARD (policy ACCEPT)
target     prot opt source               destination         
ACCEPT     all  --  anywhere             anywhere             ctstate RELATED,ESTABLISHED
ACCEPT     all  --  anywhere             anywhere            
ACCEPT     all  --  anywhere             anywhere             ctstate RELATED,ESTABLISHED
DROP       all  --  anywhere             anywhere            

Chain OUTPUT (policy ACCEPT)
target     prot opt source               destination         
ACCEPT     all  --  anywhere             anywhere             ctstate NEW
ACCEPT     all  --  anywhere             anywhere            
ACCEPT     all  --  anywhere             anywhere             ctstate NEW,RELATED,ESTABLISHED
ACCEPT     icmp --  anywhere             anywhere             icmp echo-request
DROP       all  --  anywhere             anywhere            

Chain tcpfilter (1 references)
target     prot opt source               destination         
DROP       tcp  --  anywhere             anywhere             tcp flags:!FIN,SYN,RST,ACK/SYN ctstate NEW
DROP       tcp  --  anywhere             anywhere             tcp flags:FIN,SYN,RST,PSH,ACK,URG/FIN,PSH,URG
DROP       tcp  --  anywhere             anywhere             tcp flags:FIN,SYN,RST,PSH,ACK,URG/FIN,SYN,RST,PSH,ACK,URG
DROP       tcp  --  anywhere             anywhere             tcp flags:FIN,SYN,RST,PSH,ACK,URG/NONE
DROP       tcp  --  anywhere             anywhere             tcp flags:SYN,RST/SYN,RST
DROP       tcp  --  anywhere             anywhere             tcp flags:FIN,SYN/FIN,SYN
